<?xml version="1.0" encoding="UTF-8"?>
<testng-results skipped="0" failed="0" ignored="0" total="1" passed="1">
  <reporter-output>
  </reporter-output>
  <suite name="Default suite" duration-ms="10411" started-at="2018-03-15T19:57:37Z" finished-at="2018-03-15T19:57:48Z">
    <groups>
    </groups>
    <test name="Default test" duration-ms="10411" started-at="2018-03-15T19:57:37Z" finished-at="2018-03-15T19:57:48Z">
      <class name="test.Selenium_Jenkins_Integration">
        <test-method status="PASS" signature="setUp()[pri:0, instance:test.Selenium_Jenkins_Integration@724af044]" name="setUp" is-config="true" duration-ms="7332" started-at="2018-03-15T19:57:37Z" finished-at="2018-03-15T19:57:45Z">
          <reporter-output>
          </reporter-output>
        </test-method> <!-- setUp -->
        <test-method status="PASS" signature="test()[pri:0, instance:test.Selenium_Jenkins_Integration@724af044]" name="test" duration-ms="2317" started-at="2018-03-15T19:57:45Z" finished-at="2018-03-15T19:57:47Z">
          <reporter-output>
          </reporter-output>
        </test-method> <!-- test -->
        <test-method status="PASS" signature="tearDown()[pri:0, instance:test.Selenium_Jenkins_Integration@724af044]" name="tearDown" is-config="true" duration-ms="676" started-at="2018-03-15T19:57:47Z" finished-at="2018-03-15T19:57:48Z">
          <reporter-output>
          </reporter-output>
        </test-method> <!-- tearDown -->
      </class> <!-- test.Selenium_Jenkins_Integration -->
    </test> <!-- Default test -->
  </suite> <!-- Default suite -->
</testng-results>
